2019-06-19 12:39:33 - PHP Warning:  mysqli::mysqli(): (28000/1045): Access denied for user 'root'@'localhost' (using password: NO) in /home/perekhrestcerami/public_html/system/library/db/mysqli.php on line 7
2019-06-19 12:39:33 - PHP Warning:  DB\MySQLi::__construct(): Couldn't fetch mysqli in /home/perekhrestcerami/public_html/system/library/db/mysqli.php on line 10
2019-06-19 12:39:33 - PHP Warning:  DB\MySQLi::__construct(): Couldn't fetch mysqli in /home/perekhrestcerami/public_html/system/library/db/mysqli.php on line 10
2019-06-19 12:39:33 - PHP Notice:  Undefined variable: mysql in /home/perekhrestcerami/public_html/install/controller/install/step_3.php on line 280
2019-06-19 12:39:33 - PHP Notice:  Trying to get property of non-object in /home/perekhrestcerami/public_html/install/controller/install/step_3.php on line 280
2019-06-19 13:11:58 - Array
(
    [0] => /home/perekhrestcerami/public_html/catalog/view/theme/default/template/account
    [1] => /home/perekhrestcerami/public_html/catalog/view/theme/default/template/affiliate
    [2] => /home/perekhrestcerami/public_html/catalog/view/theme/default/template/checkout
    [3] => /home/perekhrestcerami/public_html/catalog/view/theme/default/template/common
    [4] => /home/perekhrestcerami/public_html/catalog/view/theme/default/template/error
    [5] => /home/perekhrestcerami/public_html/catalog/view/theme/default/template/extension
    [6] => /home/perekhrestcerami/public_html/catalog/view/theme/default/template/information
    [7] => /home/perekhrestcerami/public_html/catalog/view/theme/default/template/mail
    [8] => /home/perekhrestcerami/public_html/catalog/view/theme/default/template/product
    [9] => /home/perekhrestcerami/public_html/catalog/view/theme/default/template/account
    [10] => /home/perekhrestcerami/public_html/catalog/view/theme/default/template/affiliate
    [11] => /home/perekhrestcerami/public_html/catalog/view/theme/default/template/checkout
    [12] => /home/perekhrestcerami/public_html/catalog/view/theme/default/template/common
    [13] => /home/perekhrestcerami/public_html/catalog/view/theme/default/template/error
    [14] => /home/perekhrestcerami/public_html/catalog/view/theme/default/template/extension
    [15] => /home/perekhrestcerami/public_html/catalog/view/theme/default/template/information
    [16] => /home/perekhrestcerami/public_html/catalog/view/theme/default/template/mail
    [17] => /home/perekhrestcerami/public_html/catalog/view/theme/default/template/product
)

2019-06-19 13:13:36 - PHP Warning:  imagecreatetruecolor(): Invalid image dimensions in /home/perekhrestcerami/public_html/system/library/image.php on line 109
2019-06-19 13:13:36 - PHP Warning:  imagecolorallocate() expects parameter 1 to be resource, boolean given in /home/perekhrestcerami/public_html/system/library/image.php on line 117
2019-06-19 13:13:36 - PHP Warning:  imagefilledrectangle() expects parameter 1 to be resource, boolean given in /home/perekhrestcerami/public_html/system/library/image.php on line 120
2019-06-19 13:13:36 - PHP Warning:  imagecopyresampled() expects parameter 1 to be resource, boolean given in /home/perekhrestcerami/public_html/system/library/image.php on line 122
2019-06-19 13:13:36 - PHP Warning:  Division by zero in /home/perekhrestcerami/public_html/catalog/controller/product/category.php on line 332
2019-06-19 13:13:36 - PHP Warning:  constant(): Couldn't find constant JOURNAL3_VERSION in /home/perekhrestcerami/public_html/system/library/template/Twig/Extension/Core.php on line 1515
2019-06-19 13:45:08 - PHP Warning:  constant(): Couldn't find constant JOURNAL3_VERSION in /home/perekhrestcerami/public_html/system/library/template/Twig/Extension/Core.php on line 1515
2019-06-19 13:48:07 - PHP Warning:  Division by zero in /home/perekhrestcerami/public_html/system/storage/modification/catalog/controller/product/category.php on line 453
2019-06-19 19:26:49 - PHP Warning:  unlink(/home/perekhrestcerami/public_html/system/storage/cache/cache.catalog.language.1560976003): No such file or directory in /home/perekhrestcerami/public_html/system/library/cache/file.php on line 68
2019-06-20 14:19:27 - Array
(
    [0] => /home/perekhrestcerami/public_html/catalog/view/theme/default/template/account
    [1] => /home/perekhrestcerami/public_html/catalog/view/theme/default/template/affiliate
    [2] => /home/perekhrestcerami/public_html/catalog/view/theme/default/template/checkout
    [3] => /home/perekhrestcerami/public_html/catalog/view/theme/default/template/common
    [4] => /home/perekhrestcerami/public_html/catalog/view/theme/default/template/error
    [5] => /home/perekhrestcerami/public_html/catalog/view/theme/default/template/extension
    [6] => /home/perekhrestcerami/public_html/catalog/view/theme/default/template/information
    [7] => /home/perekhrestcerami/public_html/catalog/view/theme/default/template/mail
    [8] => /home/perekhrestcerami/public_html/catalog/view/theme/default/template/product
    [9] => /home/perekhrestcerami/public_html/catalog/view/theme/journal3/template/account
    [10] => /home/perekhrestcerami/public_html/catalog/view/theme/journal3/template/affiliate
    [11] => /home/perekhrestcerami/public_html/catalog/view/theme/journal3/template/checkout
    [12] => /home/perekhrestcerami/public_html/catalog/view/theme/journal3/template/common
    [13] => /home/perekhrestcerami/public_html/catalog/view/theme/journal3/template/error
    [14] => /home/perekhrestcerami/public_html/catalog/view/theme/journal3/template/extension
    [15] => /home/perekhrestcerami/public_html/catalog/view/theme/journal3/template/information
    [16] => /home/perekhrestcerami/public_html/catalog/view/theme/journal3/template/journal3
    [17] => /home/perekhrestcerami/public_html/catalog/view/theme/journal3/template/product
)

2019-06-20 14:19:32 - Array
(
    [0] => /home/perekhrestcerami/public_html/catalog/view/theme/default/template/product/category.twig
    [1] => /home/perekhrestcerami/public_html/catalog/view/theme/default/template/product/compare.twig
    [2] => /home/perekhrestcerami/public_html/catalog/view/theme/default/template/product/manufacturer_info.twig
    [3] => /home/perekhrestcerami/public_html/catalog/view/theme/default/template/product/manufacturer_list.twig
    [4] => /home/perekhrestcerami/public_html/catalog/view/theme/default/template/product/product.twig
    [5] => /home/perekhrestcerami/public_html/catalog/view/theme/default/template/product/review.twig
    [6] => /home/perekhrestcerami/public_html/catalog/view/theme/default/template/product/search.twig
    [7] => /home/perekhrestcerami/public_html/catalog/view/theme/default/template/product/special.twig
    [8] => /home/perekhrestcerami/public_html/catalog/view/theme/journal3/template/product/category.twig
    [9] => /home/perekhrestcerami/public_html/catalog/view/theme/journal3/template/product/compare.twig
    [10] => /home/perekhrestcerami/public_html/catalog/view/theme/journal3/template/product/manufacturer_info.twig
    [11] => /home/perekhrestcerami/public_html/catalog/view/theme/journal3/template/product/manufacturer_list.twig
    [12] => /home/perekhrestcerami/public_html/catalog/view/theme/journal3/template/product/product.twig
    [13] => /home/perekhrestcerami/public_html/catalog/view/theme/journal3/template/product/review.twig
    [14] => /home/perekhrestcerami/public_html/catalog/view/theme/journal3/template/product/search.twig
    [15] => /home/perekhrestcerami/public_html/catalog/view/theme/journal3/template/product/special.twig
)

2019-06-20 14:19:38 - Array
(
    [0] => /home/perekhrestcerami/public_html/catalog/view/theme/default/template/account
    [1] => /home/perekhrestcerami/public_html/catalog/view/theme/default/template/affiliate
    [2] => /home/perekhrestcerami/public_html/catalog/view/theme/default/template/checkout
    [3] => /home/perekhrestcerami/public_html/catalog/view/theme/default/template/common
    [4] => /home/perekhrestcerami/public_html/catalog/view/theme/default/template/error
    [5] => /home/perekhrestcerami/public_html/catalog/view/theme/default/template/extension
    [6] => /home/perekhrestcerami/public_html/catalog/view/theme/default/template/information
    [7] => /home/perekhrestcerami/public_html/catalog/view/theme/default/template/mail
    [8] => /home/perekhrestcerami/public_html/catalog/view/theme/default/template/product
    [9] => /home/perekhrestcerami/public_html/catalog/view/theme/journal3/template/account
    [10] => /home/perekhrestcerami/public_html/catalog/view/theme/journal3/template/affiliate
    [11] => /home/perekhrestcerami/public_html/catalog/view/theme/journal3/template/checkout
    [12] => /home/perekhrestcerami/public_html/catalog/view/theme/journal3/template/common
    [13] => /home/perekhrestcerami/public_html/catalog/view/theme/journal3/template/error
    [14] => /home/perekhrestcerami/public_html/catalog/view/theme/journal3/template/extension
    [15] => /home/perekhrestcerami/public_html/catalog/view/theme/journal3/template/information
    [16] => /home/perekhrestcerami/public_html/catalog/view/theme/journal3/template/journal3
    [17] => /home/perekhrestcerami/public_html/catalog/view/theme/journal3/template/product
)

2019-07-03 12:47:55 - Array
(
    [0] => /home/perekhrestcerami/public_html/catalog/view/theme/default/template/account
    [1] => /home/perekhrestcerami/public_html/catalog/view/theme/default/template/affiliate
    [2] => /home/perekhrestcerami/public_html/catalog/view/theme/default/template/checkout
    [3] => /home/perekhrestcerami/public_html/catalog/view/theme/default/template/common
    [4] => /home/perekhrestcerami/public_html/catalog/view/theme/default/template/error
    [5] => /home/perekhrestcerami/public_html/catalog/view/theme/default/template/extension
    [6] => /home/perekhrestcerami/public_html/catalog/view/theme/default/template/information
    [7] => /home/perekhrestcerami/public_html/catalog/view/theme/default/template/mail
    [8] => /home/perekhrestcerami/public_html/catalog/view/theme/default/template/product
    [9] => /home/perekhrestcerami/public_html/catalog/view/theme/journal3/template/account
    [10] => /home/perekhrestcerami/public_html/catalog/view/theme/journal3/template/affiliate
    [11] => /home/perekhrestcerami/public_html/catalog/view/theme/journal3/template/checkout
    [12] => /home/perekhrestcerami/public_html/catalog/view/theme/journal3/template/common
    [13] => /home/perekhrestcerami/public_html/catalog/view/theme/journal3/template/error
    [14] => /home/perekhrestcerami/public_html/catalog/view/theme/journal3/template/extension
    [15] => /home/perekhrestcerami/public_html/catalog/view/theme/journal3/template/information
    [16] => /home/perekhrestcerami/public_html/catalog/view/theme/journal3/template/journal3
    [17] => /home/perekhrestcerami/public_html/catalog/view/theme/journal3/template/product
)

2019-07-03 12:48:02 - Array
(
    [0] => /home/perekhrestcerami/public_html/catalog/view/theme/default/template/account
    [1] => /home/perekhrestcerami/public_html/catalog/view/theme/default/template/affiliate
    [2] => /home/perekhrestcerami/public_html/catalog/view/theme/default/template/checkout
    [3] => /home/perekhrestcerami/public_html/catalog/view/theme/default/template/common
    [4] => /home/perekhrestcerami/public_html/catalog/view/theme/default/template/error
    [5] => /home/perekhrestcerami/public_html/catalog/view/theme/default/template/extension
    [6] => /home/perekhrestcerami/public_html/catalog/view/theme/default/template/information
    [7] => /home/perekhrestcerami/public_html/catalog/view/theme/default/template/mail
    [8] => /home/perekhrestcerami/public_html/catalog/view/theme/default/template/product
    [9] => /home/perekhrestcerami/public_html/catalog/view/theme/journal3/template/account
    [10] => /home/perekhrestcerami/public_html/catalog/view/theme/journal3/template/affiliate
    [11] => /home/perekhrestcerami/public_html/catalog/view/theme/journal3/template/checkout
    [12] => /home/perekhrestcerami/public_html/catalog/view/theme/journal3/template/common
    [13] => /home/perekhrestcerami/public_html/catalog/view/theme/journal3/template/error
    [14] => /home/perekhrestcerami/public_html/catalog/view/theme/journal3/template/extension
    [15] => /home/perekhrestcerami/public_html/catalog/view/theme/journal3/template/information
    [16] => /home/perekhrestcerami/public_html/catalog/view/theme/journal3/template/journal3
    [17] => /home/perekhrestcerami/public_html/catalog/view/theme/journal3/template/product
)

2019-07-03 12:48:04 - Array
(
    [0] => /home/perekhrestcerami/public_html/catalog/view/theme/default/template/checkout/cart.twig
    [1] => /home/perekhrestcerami/public_html/catalog/view/theme/default/template/checkout/checkout.twig
    [2] => /home/perekhrestcerami/public_html/catalog/view/theme/default/template/checkout/confirm.twig
    [3] => /home/perekhrestcerami/public_html/catalog/view/theme/default/template/checkout/guest.twig
    [4] => /home/perekhrestcerami/public_html/catalog/view/theme/default/template/checkout/guest_shipping.twig
    [5] => /home/perekhrestcerami/public_html/catalog/view/theme/default/template/checkout/login.twig
    [6] => /home/perekhrestcerami/public_html/catalog/view/theme/default/template/checkout/payment_address.twig
    [7] => /home/perekhrestcerami/public_html/catalog/view/theme/default/template/checkout/payment_method.twig
    [8] => /home/perekhrestcerami/public_html/catalog/view/theme/default/template/checkout/register.twig
    [9] => /home/perekhrestcerami/public_html/catalog/view/theme/default/template/checkout/shipping_address.twig
    [10] => /home/perekhrestcerami/public_html/catalog/view/theme/default/template/checkout/shipping_method.twig
    [11] => /home/perekhrestcerami/public_html/catalog/view/theme/journal3/template/checkout/cart.twig
    [12] => /home/perekhrestcerami/public_html/catalog/view/theme/journal3/template/checkout/checkout.twig
    [13] => /home/perekhrestcerami/public_html/catalog/view/theme/journal3/template/checkout/confirm.twig
    [14] => /home/perekhrestcerami/public_html/catalog/view/theme/journal3/template/checkout/guest.twig
    [15] => /home/perekhrestcerami/public_html/catalog/view/theme/journal3/template/checkout/guest_shipping.twig
    [16] => /home/perekhrestcerami/public_html/catalog/view/theme/journal3/template/checkout/login.twig
    [17] => /home/perekhrestcerami/public_html/catalog/view/theme/journal3/template/checkout/payment_address.twig
    [18] => /home/perekhrestcerami/public_html/catalog/view/theme/journal3/template/checkout/payment_method.twig
    [19] => /home/perekhrestcerami/public_html/catalog/view/theme/journal3/template/checkout/register.twig
    [20] => /home/perekhrestcerami/public_html/catalog/view/theme/journal3/template/checkout/shipping_address.twig
    [21] => /home/perekhrestcerami/public_html/catalog/view/theme/journal3/template/checkout/shipping_method.twig
)

2019-07-03 12:58:58 - Array
(
    [0] => /home/perekhrestcerami/public_html/catalog/view/theme/default/template/account
    [1] => /home/perekhrestcerami/public_html/catalog/view/theme/default/template/affiliate
    [2] => /home/perekhrestcerami/public_html/catalog/view/theme/default/template/checkout
    [3] => /home/perekhrestcerami/public_html/catalog/view/theme/default/template/common
    [4] => /home/perekhrestcerami/public_html/catalog/view/theme/default/template/error
    [5] => /home/perekhrestcerami/public_html/catalog/view/theme/default/template/extension
    [6] => /home/perekhrestcerami/public_html/catalog/view/theme/default/template/information
    [7] => /home/perekhrestcerami/public_html/catalog/view/theme/default/template/mail
    [8] => /home/perekhrestcerami/public_html/catalog/view/theme/default/template/product
    [9] => /home/perekhrestcerami/public_html/catalog/view/theme/journal3/template/account
    [10] => /home/perekhrestcerami/public_html/catalog/view/theme/journal3/template/affiliate
    [11] => /home/perekhrestcerami/public_html/catalog/view/theme/journal3/template/checkout
    [12] => /home/perekhrestcerami/public_html/catalog/view/theme/journal3/template/common
    [13] => /home/perekhrestcerami/public_html/catalog/view/theme/journal3/template/error
    [14] => /home/perekhrestcerami/public_html/catalog/view/theme/journal3/template/extension
    [15] => /home/perekhrestcerami/public_html/catalog/view/theme/journal3/template/information
    [16] => /home/perekhrestcerami/public_html/catalog/view/theme/journal3/template/journal3
    [17] => /home/perekhrestcerami/public_html/catalog/view/theme/journal3/template/product
)

2019-07-03 12:59:09 - Array
(
    [0] => /home/perekhrestcerami/public_html/catalog/view/theme/default/template/checkout/cart.twig
    [1] => /home/perekhrestcerami/public_html/catalog/view/theme/default/template/checkout/checkout.twig
    [2] => /home/perekhrestcerami/public_html/catalog/view/theme/default/template/checkout/confirm.twig
    [3] => /home/perekhrestcerami/public_html/catalog/view/theme/default/template/checkout/guest.twig
    [4] => /home/perekhrestcerami/public_html/catalog/view/theme/default/template/checkout/guest_shipping.twig
    [5] => /home/perekhrestcerami/public_html/catalog/view/theme/default/template/checkout/login.twig
    [6] => /home/perekhrestcerami/public_html/catalog/view/theme/default/template/checkout/payment_address.twig
    [7] => /home/perekhrestcerami/public_html/catalog/view/theme/default/template/checkout/payment_method.twig
    [8] => /home/perekhrestcerami/public_html/catalog/view/theme/default/template/checkout/register.twig
    [9] => /home/perekhrestcerami/public_html/catalog/view/theme/default/template/checkout/shipping_address.twig
    [10] => /home/perekhrestcerami/public_html/catalog/view/theme/default/template/checkout/shipping_method.twig
    [11] => /home/perekhrestcerami/public_html/catalog/view/theme/journal3/template/checkout/cart.twig
    [12] => /home/perekhrestcerami/public_html/catalog/view/theme/journal3/template/checkout/checkout.twig
    [13] => /home/perekhrestcerami/public_html/catalog/view/theme/journal3/template/checkout/confirm.twig
    [14] => /home/perekhrestcerami/public_html/catalog/view/theme/journal3/template/checkout/guest.twig
    [15] => /home/perekhrestcerami/public_html/catalog/view/theme/journal3/template/checkout/guest_shipping.twig
    [16] => /home/perekhrestcerami/public_html/catalog/view/theme/journal3/template/checkout/login.twig
    [17] => /home/perekhrestcerami/public_html/catalog/view/theme/journal3/template/checkout/payment_address.twig
    [18] => /home/perekhrestcerami/public_html/catalog/view/theme/journal3/template/checkout/payment_method.twig
    [19] => /home/perekhrestcerami/public_html/catalog/view/theme/journal3/template/checkout/register.twig
    [20] => /home/perekhrestcerami/public_html/catalog/view/theme/journal3/template/checkout/shipping_address.twig
    [21] => /home/perekhrestcerami/public_html/catalog/view/theme/journal3/template/checkout/shipping_method.twig
)

2019-07-08 3:40:59 - PHP Warning:  file_put_contents(): Only 0 of 3057 bytes written, possibly out of free disk space in /home/perekhrestcerami/public_html/system/library/journal3/vendor/SuperCache/SuperCache.php on line 123
2019-07-08 3:40:59 - PHP Warning:  file_put_contents(): Only 0 of 27583 bytes written, possibly out of free disk space in /home/perekhrestcerami/public_html/system/library/journal3/vendor/SuperCache/SuperCache.php on line 123
2019-07-08 3:41:02 - PHP Warning:  file_put_contents(): Only 0 of 3057 bytes written, possibly out of free disk space in /home/perekhrestcerami/public_html/system/library/journal3/vendor/SuperCache/SuperCache.php on line 123
2019-07-08 3:41:02 - PHP Warning:  file_put_contents(): Only 0 of 27583 bytes written, possibly out of free disk space in /home/perekhrestcerami/public_html/system/library/journal3/vendor/SuperCache/SuperCache.php on line 123
2019-07-08 3:49:13 - PHP Warning:  file_put_contents(): Only 0 of 12216 bytes written, possibly out of free disk space in /home/perekhrestcerami/public_html/system/library/journal3/vendor/SuperCache/SuperCache.php on line 123
2019-07-08 3:49:13 - PHP Warning:  file_put_contents(): Only 0 of 5603 bytes written, possibly out of free disk space in /home/perekhrestcerami/public_html/system/library/journal3/vendor/SuperCache/SuperCache.php on line 123
2019-07-08 3:49:13 - PHP Warning:  file_put_contents(): Only 0 of 11312 bytes written, possibly out of free disk space in /home/perekhrestcerami/public_html/system/library/journal3/vendor/SuperCache/SuperCache.php on line 123
2019-07-08 3:49:13 - PHP Warning:  file_put_contents(): Only 0 of 6258 bytes written, possibly out of free disk space in /home/perekhrestcerami/public_html/system/library/journal3/vendor/SuperCache/SuperCache.php on line 123
2019-07-08 3:49:13 - PHP Warning:  file_put_contents(): Only 0 of 10383 bytes written, possibly out of free disk space in /home/perekhrestcerami/public_html/system/library/journal3/vendor/SuperCache/SuperCache.php on line 123
2019-07-08 3:49:13 - PHP Warning:  file_put_contents(): Only 0 of 2299 bytes written, possibly out of free disk space in /home/perekhrestcerami/public_html/system/library/journal3/vendor/SuperCache/SuperCache.php on line 123
2019-07-08 3:49:13 - PHP Warning:  file_put_contents(): Only 0 of 1535 bytes written, possibly out of free disk space in /home/perekhrestcerami/public_html/system/library/journal3/vendor/SuperCache/SuperCache.php on line 123
2019-07-08 3:49:13 - PHP Warning:  file_put_contents(): Only 0 of 1540 bytes written, possibly out of free disk space in /home/perekhrestcerami/public_html/system/library/journal3/vendor/SuperCache/SuperCache.php on line 123
2019-07-08 3:49:13 - PHP Warning:  file_put_contents(): Only 0 of 4293 bytes written, possibly out of free disk space in /home/perekhrestcerami/public_html/system/library/journal3/vendor/SuperCache/SuperCache.php on line 123
2019-07-08 3:49:13 - PHP Warning:  file_put_contents(): Only 0 of 4591 bytes written, possibly out of free disk space in /home/perekhrestcerami/public_html/system/library/journal3/vendor/SuperCache/SuperCache.php on line 123
2019-07-08 3:49:13 - PHP Warning:  file_put_contents(): Only 0 of 3132 bytes written, possibly out of free disk space in /home/keramikadecorcom/1.keramik2019-07-09 12:55:19 - PHP Warning:  constant(): Couldn't find constant JOURNAL3_VERSION in /home/perekhrestcerami/public_html/system/library/template/Twig/Extension/Core.php on line 1515
2019-07-09 12:55:27 - PHP Warning:  constant(): Couldn't find constant JOURNAL3_VERSION in /home/perekhrestcerami/public_html/system/library/template/Twig/Extension/Core.php on line 1515
2019-07-09 12:55:41 - PHP Warning:  file_put_contents(): Only 0 of 47895 bytes written, possibly out of free disk space in /home/perekhrestcerami/public_html/system/library/journal3/vendor/SuperCache/SuperCache.php on line 123
2019-07-09 12:55:41 - PHP Warning:  file_put_contents(): Only 0 of 7944 bytes written, possibly out of free disk space in /home/perekhrestcerami/public_html/system/library/journal3/vendor/SuperCache/SuperCache.php on line 123
2019-07-09 12:55:41 - PHP Warning:  file_put_contents(): Only 0 of 2175 bytes written, possibly out of free disk space in /home/perekhrestcerami/public_html/system/library/journal3/vendor/SuperCache/SuperCache.php on line 123
2019-07-09 12:55:41 - PHP Warning:  file_put_contents(): Only 0 of 1027 bytes written, possibly out of free disk space in /home/perekhrestcerami/public_html/system/library/journal3/vendor/SuperCache/SuperCache.php on line 123
2019-07-09 12:55:41 - PHP Warning:  file_put_contents(): Only 0 of 42558 bytes written, possibly out of free disk space in /home/perekhrestcerami/public_html/system/library/journal3/vendor/SuperCache/SuperCache.php on line 123
2019-07-09 12:55:41 - PHP Warning:  file_put_contents(): Only 0 of 3842 bytes written, possibly out of free disk space in /home/perekhrestcerami/public_html/system/library/journal3/vendor/SuperCache/SuperCache.php on line 123
2019-07-09 12:55:41 - PHP Warning:  file_put_contents(): Only 0 of 42252 bytes written, possibly out of free disk space in /home/perekhrestcerami/public_html/system/library/journal3/vendor/SuperCache/SuperCache.php on line 123
2019-07-09 12:55:41 - PHP Warning:  file_put_contents(): Only 0 of 1987 bytes written, possibly out of free disk space in /home/perekhrestcerami/public_html/system/library/journal3/vendor/SuperCache/SuperCache.php on line 123
2019-07-09 12:55:41 - PHP Warning:  file_put_contents(): Only 0 of 1029 bytes written, possibly out of free disk space in /home/perekhrestcerami/public_html/system/library/journal3/vendor/SuperCache/SuperCache.php on line 123
2019-07-09 12:55:41 - PHP Warning:  file_put_contents(): Only 0 of 1749 bytes written, possibly out of free disk space in /home/perekhrestcerami/public_html/system/library/journal3/vendor/SuperCache/SuperCache.php on line 123
2019-07-09 12:55:41 - PHP Warning:  file_put_contents(): Only 0 of 1040 bytes written, possibly out of free disk space in /home/perekhrestcerami/public_html/system/library/journal3/vendor/SuperCache/SuperCache.php on line 123
2019-07-09 12:55:41 - PHP Warning:  file_put_contents(): Only 0 of 6783 bytes written, possibly out of free disk space in /home/perekhrestcerami/public_html/system/library/journal3/vendor/SuperCache/SuperCache.php on line 123
2019-07-09 12:55:42 - PHP Warning:  file_put_contents(): Only 0 of 20430 bytes written, possibly out of free disk space in /home/perekhrestcerami/public_html/system/library/journal3/vendor/SuperCache/SuperCache.php on line 123
2019-07-09 12:55:42 - PHP Warning:  file_put_contents(): Only 0 of 33219 bytes written, possibly out of free disk space in /home/perekhrestcerami/public_html/system/library/journal3/vendor/SuperCache/SuperCache.php on line 123
2019-07-09 12:55:42 - PHP Warning:  file_put_contents(): Only 0 of 21491 bytes written, possibly out of free disk space in /home/perekhrestcerami/public_html/system/library/journal3/vendor/SuperCache/SuperCache.php on line 123
2019-07-09 12:55:42 - PHP Warning:  file_put_contents(): Only 0 of 17846 bytes written, possibly out of free disk space in /home/keramikade2019-07-09 13:14:32 - PHP Warning:  fread(): Length parameter must be greater than 0 in /home/perekhrestcerami/public_html/system/library/cache/file.php on line 32
2019-07-09 13:17:19 - PHP Warning:  constant(): Couldn't find constant JOURNAL3_VERSION in /home/perekhrestcerami/public_html/system/library/template/Twig/Extension/Core.php on line 1515
2019-07-18 19:14:31 - PHP Warning:  file_put_contents(): Only 0 of 798442 bytes written, possibly out of free disk space in /home/perekhrestcerami/public_html/system/library/journal3/vendor/SuperCache/SuperCache.php on line 123
2019-07-18 19:14:31 - PHP Warning:  file_put_contents(): Only 0 of 8770 bytes written, possibly out of free disk space in /home/perekhrestcerami/public_html/system/library/journal3/vendor/SuperCache/SuperCache.php on line 123
2019-07-18 19:14:31 - PHP Warning:  file_put_contents(): Only 0 of 173 bytes written, possibly out of free disk space in /home/perekhrestcerami/public_html/system/library/journal3/vendor/SuperCache/SuperCache.php on line 123
2019-07-18 19:14:31 - PHP Warning:  file_put_contents(): Only 0 of 1518 bytes written, possibly out of free disk space in /home/perekhrestcerami/public_html/system/library/journal3/vendor/SuperCache/SuperCache.php on line 123
2019-07-18 19:14:31 - PHP Warning:  file_put_contents(): Only 0 of 4726 bytes written, possibly out of free disk space in /home/perekhrestcerami/public_html/system/library/journal3/vendor/SuperCache/SuperCache.php on line 123
2019-07-18 19:14:31 - PHP Warning:  file_put_contents(): Only 0 of 173 bytes written, possibly out of free disk space in /home/perekhrestcerami/public_html/system/library/journal3/vendor/SuperCache/SuperCache.php on line 123
2019-07-18 19:14:31 - PHP Warning:  file_put_contents(): Only 0 of 7985 bytes written, possibly out of free disk space in /home/perekhrestcerami/public_html/system/library/journal3/vendor/SuperCache/SuperCache.php on line 123
2019-07-18 19:14:31 - PHP Warning:  file_put_contents(): Only 0 of 1227 bytes written, possibly out of free disk space in /home/perekhrestcerami/public_html/system/library/journal3/vendor/SuperCache/SuperCache.php on line 123
2019-07-18 19:14:31 - PHP Warning:  file_put_contents(): Only 0 of 22180 bytes written, possibly out of free disk space in /home/perekhrestcerami/public_html/system/library/journal3/vendor/SuperCache/SuperCache.php on line 123
2019-07-18 19:14:32 - PHP Warning:  file_put_contents(): Only 0 of 48012 bytes written, possibly out of free disk space in /home/perekhrestcerami/public_html/system/library/journal3/vendor/SuperCache/SuperCache.php on line 123
2019-07-18 19:14:32 - PHP Warning:  file_put_contents(): Only 0 of 7944 bytes written, possibly out of free disk space in /home/perekhrestcerami/public_html/system/library/journal3/vendor/SuperCache/SuperCache.php on line 123
2019-07-18 19:14:32 - PHP Warning:  file_put_contents(): Only 0 of 2175 bytes written, possibly out of free disk space in /home/perekhrestcerami/public_html/system/library/journal3/vendor/SuperCache/SuperCache.php on line 123
2019-07-18 19:14:32 - PHP Warning:  file_put_contents(): Only 0 of 1027 bytes written, possibly out of free disk space in /home/perekhrestcerami/public_html/system/library/journal3/vendor/SuperCache/SuperCache.php on line 123
2019-07-18 19:14:32 - PHP Warning:  file_put_contents(): Only 0 of 42558 bytes written, possibly out of free disk space in /home/perekhrestcerami/public_html/system/library/journal3/vendor/SuperCache/SuperCache.php on line 123
2019-07-18 19:14:32 - PHP Warning:  file_put_contents(): Only 0 of 3842 bytes written, possibly out of free disk space in /home/perekhrestcerami/public_html/system/library/journal3/vendor/SuperCache/SuperCache.php on line 123
2019-07-18 19:14:32 - PHP Warning:  file_put_contents(): Only 0 of 42252 bytes written, possibly out of free disk space in /home/keramikadecorcom/1.keramikadecor.com